make all --print-data-base --no-builtin-variables --no-builtin-rules --question
make: *** No rule to make target 'all'.  Stop.

# GNU Make 4.2.1
# Built for x86_64-pc-linux-gnu
# Copyright (C) 1988-2016 Free Software Foundation, Inc.
# License GPLv3+: GNU GPL version 3 or later <http://gnu.org/licenses/gpl.html>
# This is free software: you are free to change and redistribute it.
# There is NO WARRANTY, to the extent permitted by law.

# Make data base, printed on Sun Jun  5 19:35:48 2022

# Variables

# 'override' directive
GNUMAKEFLAGS := 
# automatic
<D = $(patsubst %/,%,$(dir $<))
# automatic
?F = $(notdir $?)
# environment
DESKTOP_SESSION = ubuntu
# default
.SHELLFLAGS := -c
# environment
XDG_SESSION_CLASS = user
# environment
XDG_SESSION_TYPE = x11
# environment
VSCODE_LOG_NATIVE = false
# automatic
?D = $(patsubst %/,%,$(dir $?))
# environment
IM_CONFIG_PHASE = 1
# automatic
@D = $(patsubst %/,%,$(dir $@))
# environment
XAUTHORITY = /run/user/1000/gdm/Xauthority
# environment
GDMSESSION = ubuntu
# environment
XMODIFIERS = @im=ibus
# makefile
CURDIR := /home/nic/Documents/coursera/algo1
# makefile
SHELL = /bin/sh
# environment
VSCODE_NLS_CONFIG = {"locale":"en-gb","availableLanguages":{},"_languagePackSupport":true}
# environment
_ = /usr/share/code/code
# environment
JOURNAL_STREAM = 8:49776
# environment
XDG_CONFIG_DIRS = /etc/xdg/xdg-ubuntu:/etc/xdg
# makefile (from 'Makefile', line 1)
MAKEFILE_LIST :=  Makefile
# automatic
@F = $(notdir $@)
# environment
GIO_LAUNCHED_DESKTOP_FILE = /usr/share/applications/code.desktop
# environment
USERNAME = nic
# environment
XDG_DATA_DIRS = /usr/share/ubuntu:/usr/local/share/:/usr/share/:/var/lib/snapd/desktop
# environment
DBUS_SESSION_BUS_ADDRESS = unix:path=/run/user/1000/bus
# environment
VSCODE_VERBOSE_LOGGING = true
# environment
MANAGERPID = 2010
# environment
VSCODE_IPC_HOOK_EXTHOST = /run/user/1000/vscode-ipc-491e4213-6e34-4506-b30f-40d341dd8dc9.sock
# environment
VSCODE_CWD = /home/nic
# environment
REACHC_ID = AQXC:EKR2:DFNG:VKXD:DE5G:4TAW:3B67:6LPE:XMVB:FQP2:E24V:GV2O
# default
MAKE_HOST := x86_64-pc-linux-gnu
# environment
PATH = /home/nic/.local/share/solana/install/active_release/bin:/home/nic/.cargo/bin:/home/nic/.local/bin:/usr/local/sbin:/usr/local/bin:/usr/sbin:/usr/bin:/sbin:/bin:/usr/games:/usr/local/games:/snap/bin:/home/nic/.local/bin
# environment
GPG_AGENT_INFO = /run/user/1000/gnupg/S.gpg-agent:0:1
# environment
LSCOLORS = Gxfxcxdxbxegedabagacad
# environment
SESSION_MANAGER = local/nic-laptop:@/tmp/.ICE-unix/2268,unix/nic-laptop:/tmp/.ICE-unix/2268
# environment
XDG_RUNTIME_DIR = /run/user/1000
# environment
XDG_MENU_PREFIX = gnome-
# environment
VSCODE_LOG_STACK = false
# environment
ELECTRON_RUN_AS_NODE = 1
# environment
INVOCATION_ID = e9d834f90be94ab2ab1a799d84e71872
# default
.FEATURES := target-specific order-only second-expansion else-if shortest-stem undefine oneshell archives jobserver output-sync check-symlink load
# environment
LS_COLORS = 
# environment
XDG_SESSION_DESKTOP = ubuntu
# environment
SSH_AUTH_SOCK = /run/user/1000/keyring/ssh
# environment
GIO_LAUNCHED_DESKTOP_FILE_PID = 6192
# automatic
%F = $(notdir $%)
# environment
DISPLAY = :1
# environment
VSCODE_PIPE_LOGGING = true
# environment
PWD = /home/nic/Documents/coursera/algo1
# default
.LOADED := 
# environment
SSH_AGENT_PID = 2233
# environment
REACH_CONNECTOR_MODE = ALGO
# environment
GTK_MODULES = gail:atk-bridge
# environment
VSCODE_AMD_ENTRYPOINT = vs/workbench/api/node/extensionHostProcess
# environment
HOME = /home/nic
# environment
VSCODE_CODE_CACHE_PATH = /home/nic/.config/Code/CachedData/c3511e6c69bb39013c4a4b7b9566ec1ca73fc4d5
# environment
LOGNAME = nic
# environment
APPLICATION_INSIGHTS_NO_DIAGNOSTIC_CHANNEL = 1
# environment
ZSH = /home/nic/.oh-my-zsh
# environment
VSCODE_HANDLES_UNCAUGHT_ERRORS = true
# environment
GNOME_DESKTOP_SESSION_ID = this-is-deprecated
# automatic
^D = $(patsubst %/,%,$(dir $^))
# environment
MAKELEVEL := 0
# default
MAKE = $(MAKE_COMMAND)
# default
MAKECMDGOALS := all
# environment
QT_IM_MODULE = ibus
# environment
SHLVL = 0
# makefile (from 'Makefile', line 3)
CC = g++
# environment
GNOME_SHELL_SESSION_MODE = ubuntu
# default
MAKE_VERSION := 4.2.1
# environment
USER = nic
# makefile
.DEFAULT_GOAL := week1
# environment
XDG_CURRENT_DESKTOP = Unity
# environment
LESS = -R
# automatic
%D = $(patsubst %/,%,$(dir $%))
# default
MAKE_COMMAND := make
# environment
OLDPWD = /home/nic
# default
.VARIABLES := 
# automatic
*F = $(notdir $*)
# environment
LANGUAGE = en_GB:en
# environment
VSCODE_IPC_HOOK = /run/user/1000/vscode-7fdfc031-1.67.2-main.sock
# makefile
MAKEFLAGS = pqrR
# environment
MFLAGS = -pqrR
# automatic
*D = $(patsubst %/,%,$(dir $*))
# automatic
+D = $(patsubst %/,%,$(dir $+))
# environment
GDK_BACKEND = x11
# automatic
+F = $(notdir $+)
# environment
QT_ACCESSIBILITY = 1
# default
MAKEFILES := 
# automatic
<F = $(notdir $<)
# environment
PAGER = less
# environment
LC_ALL = C
# environment
GJS_DEBUG_TOPICS = JS ERROR;JS LOG
# automatic
^F = $(notdir $^)
# default
SUFFIXES := 
# environment
CHROME_DESKTOP = code-url-handler.desktop
# environment
WINDOWPATH = 2
# default
.INCLUDE_DIRS = /usr/include /usr/local/include /usr/include
# environment
GJS_DEBUG_OUTPUT = stderr
# default
.RECIPEPREFIX := 
# environment
LANG = C
# environment
ORIGINAL_XDG_CURRENT_DESKTOP = ubuntu:GNOME
# environment
VSCODE_PID = 6192
# variable set hash-table stats:
# Load=104/1024=10%, Rehash=0, Collisions=13/129=10%

# Pattern-specific Variable Values

# No pattern-specific variable values.

# Directories

# . (device 2050, inode 27401801): 14 files, no impossibilities.

# 14 files, no impossibilities in 1 directories.

# Implicit Rules

# No implicit rules.

# Files

exceptions:
#  Implicit rule search has not been done.
#  Modification time never checked.
#  File has not been updated.

# Not a target:
all:
#  Command line target.
#  Implicit rule search has been done.
#  File does not exist.
#  File has not been updated.

week1: exceptions algs Percolation
#  Implicit rule search has not been done.
#  Modification time never checked.
#  File has not been updated.
#  recipe to execute (from 'Makefile', line 8):
	$(CC) -c -o ./build/percolationStats.o ./src/PercolationStats.cpp
	$(CC) -c -o ./build/week1Main.o ./src/week1Main.cpp
	$(CC) -o ./build/week1 ./build/unionFind.o ./build/percolation.o ./build/percolationStats.o ./build/week1Main.o
	

# Not a target:
Makefile:
#  Implicit rule search has been done.
#  Last modified 2022-06-05 16:12:23.030495362
#  File has been updated.
#  Successfully updated.

test_Deque: Deque
#  Implicit rule search has not been done.
#  Modification time never checked.
#  File has not been updated.
#  recipe to execute (from 'Makefile', line 34):
	$(CC) -c -o ./build/week2/dequeTest.o ./test/week2/dequeTest.cpp
	$(CC) -o ./build/week2/dequeTest ./build/week2/Deque.o ./build/week2/dequeTest.o 
	./build/week2/dequeTest

algs: UnionFind
#  Implicit rule search has not been done.
#  Modification time never checked.
 
#  File has not been updated.

PercolationStats: exceptions algs Percolation
#  Implicit rule search has not been done.
#  Modification time never checked.
#  File has not been updated.
#  recipe to execute (from 'Makefile', line 16):
	$(CC) -c -o ./build/week1/PercolationStats.o ./src/PercolationStats.cpp

# Not a target:
.DEFAULT:
#  Implicit rule search has not been done.
#  Modification time never checked.
#  File has not been updated.

Deque: exceptions
#  Implicit rule search has not been done.
#  Modification time never checked.
#  File has not been updated.
#  recipe to execute (from 'Makefile', line 31):
	$(CC) -c -o ./build/week2/Deque.o ./src/Deque.cpp

Percolation: exceptions algs
#  Implicit rule search has not been done.
#  Modification time never checked.
#  File has not been updated.
#  recipe to execute (from 'Makefile', line 13):
	$(CC) -c -o ./build/week1/Percolation.o ./src/Percolation.cpp

UnionFind:
#  Implicit rule search has not been done.
#  Modification time never checked.
#  File has not been updated.
#  recipe to execute (from 'Makefile', line 47):
	$(CC) -c -o ./build/algorithmsAndDataStructures/UnionFind.o ./libs/algorithmsAndDataStructures/src/UnionFind.cpp

week1Main: exceptions algs Percolation PercolationStats
#  Implicit rule search has not been done.
#  Modification time never checked.
#  File has not been updated.
#  recipe to execute (from 'Makefile', line 19):
	$(CC) -c -o ./build/week1/week1Main.o ./src/week1Main.cpp
	$(CC) -o ./build/week1/week1Main ./build/algorithmsAndDataStructures/UnionFind.o ./build/week1/Percolation.o ./build/week1/PercolationStats.o ./build/week1/week1Main.o 
	./build/week1/week1Main

test_unionFind: exceptions UnionFind
#  Implicit rule search has not been done.
#  Modification time never checked.
#  File has not been updated.
#  recipe to execute (from 'Makefile', line 50):
	$(CC) -c -o ./build/algorithmsAndDataStructures/test/unionFindTest.o ./libs/algorithmsAndDataStructures/test/unionFind/unionFindTest.cpp
	$(CC) -o ./build/algorithmsAndDataStructures/test/unionFindTest ./build/algorithmsAndDataStructures/unionFind.o ./build/algorithmsAndDataStructures/test/unionFindTest.o 
	./build/algorithmsAndDataStructures/test/unionFindTest

test_Percolation: exceptions algs Percolation
#  Implicit rule search has not been done.
#  Modification time never checked.
#  File has not been updated.
#  recipe to execute (from 'Makefile', line 24):
	$(CC) -c -o ./build/week1/percolationTest.o ./test/week1/percolationTest.cpp
	$(CC) -o ./build/week1/percolationTest ./build/algorithmsAndDataStructures/UnionFind.o ./build/week1/Percolation.o ./build/week1/percolationTest.o 
	./build/week1/percolationTest

# files hash-table stats:
# Load=15/1024=1%, Rehash=0, Collisions=1/49=2%
# VPATH Search Paths

# No 'vpath' search paths.

# No general ('VPATH' variable) search path.

# strcache buffers: 1 (0) / strings = 30 / storage = 271 B / avg = 9 B
# current buf: size = 8162 B / used = 271 B / count = 30 / avg = 9 B

# strcache performance: lookups = 65 / hit rate = 53%
# hash-table stats:
# Load=30/8192=0%, Rehash=0, Collisions=1/65=2%
# Finished Make data base on Sun Jun  5 19:35:48 2022

 
